#
# There is insufficient memory for the Java Runtime Environment to continue.
# Native memory allocation (malloc) failed to allocate 32744 bytes for ChunkPool::allocate
# Possible reasons:
#   The system is out of physical RAM or swap space
#   In 32 bit mode, the process size limit was hit
# Possible solutions:
#   Reduce memory load on the system
#   Increase physical memory or swap space
#   Check if swap backing store is full
#   Use 64 bit Java on a 64 bit OS
#   Decrease Java heap size (-Xmx/-Xms)
#   Decrease number of Java threads
#   Decrease Java thread stack sizes (-Xss)
#   Set larger code cache with -XX:ReservedCodeCacheSize=
# This output file may be truncated or incomplete.
#
#  Out of Memory Error (allocation.cpp:273), pid=13536, tid=0x000000000000181c
#
# JRE version: Java(TM) SE Runtime Environment (8.0_162-b12) (build 1.8.0_162-b12)
# Java VM: Java HotSpot(TM) 64-Bit Server VM (25.162-b12 mixed mode windows-amd64 compressed oops)
# Failed to write core dump. Minidumps are not enabled by default on client versions of Windows
#

---------------  T H R E A D  ---------------

Current thread (0x0000000017a99000):  JavaThread "C1 CompilerThread2" daemon [_thread_in_vm, id=6172, stack(0x00000000192c0000,0x00000000193c0000)]

Stack: [0x00000000192c0000,0x00000000193c0000]
[error occurred during error reporting (printing stack bounds), id 0xc0000005]

Native frames: (J=compiled Java code, j=interpreted, Vv=VM code, C=native code)


Current CompileTask:
C1:   4282 3522 %     3       sun.nio.cs.SingleByte::initC2B @ 3 (233 bytes)


---------------  P R O C E S S  ---------------

Java Threads: ( => current thread )
  0x0000000019eae000 JavaThread "restartedMain" [_thread_in_native, id=15788, stack(0x000000001b3d0000,0x000000001b4d0000)]
  0x000000001a228800 JavaThread "Thread-0" [_thread_blocked, id=652, stack(0x000000001b2d0000,0x000000001b3d0000)]
  0x0000000017ade000 JavaThread "Service Thread" daemon [_thread_blocked, id=17060, stack(0x00000000197c0000,0x00000000198c0000)]
=>0x0000000017a99000 JavaThread "C1 CompilerThread2" daemon [_thread_in_vm, id=6172, stack(0x00000000192c0000,0x00000000193c0000)]
  0x0000000017a8d800 JavaThread "C2 CompilerThread1" daemon [_thread_in_native, id=7472, stack(0x00000000191c0000,0x00000000192c0000)]
  0x0000000017a83800 JavaThread "C2 CompilerThread0" daemon [_thread_in_native, id=17104, stack(0x00000000190c0000,0x00000000191c0000)]
  0x0000000017a82000 JavaThread "Attach Listener" daemon [_thread_blocked, id=4604, stack(0x0000000018fc0000,0x00000000190c0000)]
  0x0000000017a8a800 JavaThread "Signal Dispatcher" daemon [_thread_blocked, id=7944, stack(0x0000000018ec0000,0x0000000018fc0000)]
  0x0000000017a6f000 JavaThread "Finalizer" daemon [_thread_blocked, id=5852, stack(0x0000000018cd0000,0x0000000018dd0000)]
  0x0000000002f46000 JavaThread "Reference Handler" daemon [_thread_blocked, id=2012, stack(0x0000000018bd0000,0x0000000018cd0000)]
  0x0000000002e56000 JavaThread "main" [_thread_blocked, id=17340, stack(0x0000000002d50000,0x0000000002e50000)]

Other Threads:
  0x0000000017a47000 VMThread [stack: 0x0000000018ad0000,0x0000000018bd0000] [id=4560]
  0x0000000019405800 WatcherThread [stack: 0x0000000019a00000,0x0000000019b00000] [id=14088]

VM state:not at safepoint (normal execution)

VM Mutex/Monitor currently owned by a thread: None

Heap:
 PSYoungGen      total 115200K, used 95144K [0x00000000d5f00000, 0x00000000dee80000, 0x0000000100000000)
  eden space 105472K, 81% used [0x00000000d5f00000,0x00000000db26f668,0x00000000dc600000)
  from space 9728K, 99% used [0x00000000ddb80000,0x00000000de4faa60,0x00000000de500000)
  to   space 4096K, 0% used [0x00000000dea80000,0x00000000dea80000,0x00000000dee80000)
 ParOldGen       total 59904K, used 11811K [0x0000000081c00000, 0x0000000085680000, 0x00000000d5f00000)
  object space 59904K, 19% used [0x0000000081c00000,0x0000000082788cf0,0x0000000085680000)
 Metaspace       used 32243K, capacity 33832K, committed 34048K, reserved 1079296K
  class space    used 4252K, capacity 4560K, committed 4608K, reserved 1048576K

Card table byte_map: [0x0000000012310000,0x0000000012710000] byte_map_base: 0x0000000011f02000

Marking Bits: (ParMarkBitMap*) 0x00000000596a0860
 Begin Bits: [0x0000000012dc0000, 0x0000000014d50000)
 End Bits:   [0x0000000014d50000, 0x0000000016ce0000)

Polling page: 0x00000000012b0000

CodeCache: size=245760Kb used=12389Kb max_used=12389Kb free=233370Kb
 bounds [0x0000000002f50000, 0x0000000003b70000, 0x0000000011f50000]
 total_blobs=3898 nmethods=3493 adapters=316
 compilation: enabled

Compilation events (10 events):
Event: 4.258 Thread 0x0000000017a99000 nmethod 3517 0x0000000003b69450 code [0x0000000003b695e0, 0x0000000003b699d8]
Event: 4.258 Thread 0x0000000017a99000 3518       2       java.util.TreeMap::rotateRight (96 bytes)
Event: 4.258 Thread 0x0000000017a99000 nmethod 3518 0x0000000003b69e10 code [0x0000000003b69f60, 0x0000000003b6a1d0]
Event: 4.263 Thread 0x0000000017a99000 3519       2       sun.nio.cs.AbstractCharsetProvider::put (20 bytes)
Event: 4.263 Thread 0x0000000017a99000 nmethod 3519 0x0000000003b6a2d0 code [0x0000000003b6a440, 0x0000000003b6a5f8]
Event: 4.263 Thread 0x0000000017a99000 3520 %     3       sun.misc.ASCIICaseInsensitiveComparator::compare @ 28 (126 bytes)
Event: 4.264 Thread 0x0000000017a99000 nmethod 3520% 0x0000000003b6a6d0 code [0x0000000003b6a8e0, 0x0000000003b6b598]
Event: 4.265 Thread 0x0000000017a99000 3521       2       java.nio.charset.Charset::checkName (165 bytes)
Event: 4.265 Thread 0x0000000017a99000 nmethod 3521 0x0000000003b6bc50 code [0x0000000003b6be00, 0x0000000003b6c1f8]
Event: 4.273 Thread 0x0000000017a99000 3522 %     3       sun.nio.cs.SingleByte::initC2B @ 3 (233 bytes)

GC Heap History (10 events):
Event: 1.414 GC heap before
{Heap before GC invocations=4 (full 0):
 PSYoungGen      total 38400K, used 38343K [0x00000000d5f00000, 0x00000000daa00000, 0x0000000100000000)
  eden space 33280K, 100% used [0x00000000d5f00000,0x00000000d7f80000,0x00000000d7f80000)
  from space 5120K, 98% used [0x00000000d7f80000,0x00000000d8471cc8,0x00000000d8480000)
  to   space 5120K, 0% used [0x00000000da500000,0x00000000da500000,0x00000000daa00000)
 ParOldGen       total 87552K, used 24K [0x0000000081c00000, 0x0000000087180000, 0x00000000d5f00000)
  object space 87552K, 0% used [0x0000000081c00000,0x0000000081c06000,0x0000000087180000)
 Metaspace       used 14867K, capacity 15288K, committed 15488K, reserved 1062912K
  class space    used 1971K, capacity 2109K, committed 2176K, reserved 1048576K
Event: 1.420 GC heap after
Heap after GC invocations=4 (full 0):
 PSYoungGen      total 71680K, used 5101K [0x00000000d5f00000, 0x00000000daa00000, 0x0000000100000000)
  eden space 66560K, 0% used [0x00000000d5f00000,0x00000000d5f00000,0x00000000da000000)
  from space 5120K, 99% used [0x00000000da500000,0x00000000da9fb5c8,0x00000000daa00000)
  to   space 5120K, 0% used [0x00000000da000000,0x00000000da000000,0x00000000da500000)
 ParOldGen       total 87552K, used 995K [0x0000000081c00000, 0x0000000087180000, 0x00000000d5f00000)
  object space 87552K, 1% used [0x0000000081c00000,0x0000000081cf8e88,0x0000000087180000)
 Metaspace       used 14867K, capacity 15288K, committed 15488K, reserved 1062912K
  class space    used 1971K, capacity 2109K, committed 2176K, reserved 1048576K
}
Event: 1.701 GC heap before
{Heap before GC invocations=5 (full 0):
 PSYoungGen      total 71680K, used 47796K [0x00000000d5f00000, 0x00000000daa00000, 0x0000000100000000)
  eden space 66560K, 64% used [0x00000000d5f00000,0x00000000d88b1de0,0x00000000da000000)
  from space 5120K, 99% used [0x00000000da500000,0x00000000da9fb5c8,0x00000000daa00000)
  to   space 5120K, 0% used [0x00000000da000000,0x00000000da000000,0x00000000da500000)
 ParOldGen       total 87552K, used 995K [0x0000000081c00000, 0x0000000087180000, 0x00000000d5f00000)
  object space 87552K, 1% used [0x0000000081c00000,0x0000000081cf8e88,0x0000000087180000)
 Metaspace       used 20675K, capacity 21180K, committed 21296K, reserved 1067008K
  class space    used 2695K, capacity 2854K, committed 2944K, reserved 1048576K
Event: 1.710 GC heap after
Heap after GC invocations=5 (full 0):
 PSYoungGen      total 71680K, used 5112K [0x00000000d5f00000, 0x00000000df400000, 0x0000000100000000)
  eden space 66560K, 0% used [0x00000000d5f00000,0x00000000d5f00000,0x00000000da000000)
  from space 5120K, 99% used [0x00000000da000000,0x00000000da4fe260,0x00000000da500000)
  to   space 9728K, 0% used [0x00000000dea80000,0x00000000dea80000,0x00000000df400000)
 ParOldGen       total 87552K, used 5458K [0x0000000081c00000, 0x0000000087180000, 0x00000000d5f00000)
  object space 87552K, 6% used [0x0000000081c00000,0x0000000082154ab8,0x0000000087180000)
 Metaspace       used 20675K, capacity 21180K, committed 21296K, reserved 1067008K
  class space    used 2695K, capacity 2854K, committed 2944K, reserved 1048576K
}
Event: 1.710 GC heap before
{Heap before GC invocations=6 (full 1):
 PSYoungGen      total 71680K, used 5112K [0x00000000d5f00000, 0x00000000df400000, 0x0000000100000000)
  eden space 66560K, 0% used [0x00000000d5f00000,0x00000000d5f00000,0x00000000da000000)
  from space 5120K, 99% used [0x00000000da000000,0x00000000da4fe260,0x00000000da500000)
  to   space 9728K, 0% used [0x00000000dea80000,0x00000000dea80000,0x00000000df400000)
 ParOldGen       total 87552K, used 5458K [0x0000000081c00000, 0x0000000087180000, 0x00000000d5f00000)
  object space 87552K, 6% used [0x0000000081c00000,0x0000000082154ab8,0x0000000087180000)
 Metaspace       used 20675K, capacity 21180K, committed 21296K, reserved 1067008K
  class space    used 2695K, capacity 2854K, committed 2944K, reserved 1048576K
Event: 1.736 GC heap after
Heap after GC invocations=6 (full 1):
 PSYoungGen      total 71680K, used 0K [0x00000000d5f00000, 0x00000000df400000, 0x0000000100000000)
  eden space 66560K, 0% used [0x00000000d5f00000,0x00000000d5f00000,0x00000000da000000)
  from space 5120K, 0% used [0x00000000da000000,0x00000000da000000,0x00000000da500000)
  to   space 9728K, 0% used [0x00000000dea80000,0x00000000dea80000,0x00000000df400000)
 ParOldGen       total 59904K, used 9346K [0x0000000081c00000, 0x0000000085680000, 0x00000000d5f00000)
  object space 59904K, 15% used [0x0000000081c00000,0x0000000082520a30,0x0000000085680000)
 Metaspace       used 20675K, capacity 21180K, committed 21296K, reserved 1067008K
  class space    used 2695K, capacity 2854K, committed 2944K, reserved 1048576K
}
Event: 2.083 GC heap before
{Heap before GC invocations=7 (full 1):
 PSYoungGen      total 71680K, used 66541K [0x00000000d5f00000, 0x00000000df400000, 0x0000000100000000)
  eden space 66560K, 99% used [0x00000000d5f00000,0x00000000d9ffb590,0x00000000da000000)
  from space 5120K, 0% used [0x00000000da000000,0x00000000da000000,0x00000000da500000)
  to   space 9728K, 0% used [0x00000000dea80000,0x00000000dea80000,0x00000000df400000)
 ParOldGen       total 59904K, used 9346K [0x0000000081c00000, 0x0000000085680000, 0x00000000d5f00000)
  object space 59904K, 15% used [0x0000000081c00000,0x0000000082520a30,0x0000000085680000)
 Metaspace       used 23498K, capacity 24242K, committed 24576K, reserved 1071104K
  class space    used 3052K, capacity 3222K, committed 3328K, reserved 1048576K
Event: 2.088 GC heap after
Heap after GC invocations=7 (full 1):
 PSYoungGen      total 109568K, used 3992K [0x00000000d5f00000, 0x00000000dee80000, 0x0000000100000000)
  eden space 105472K, 0% used [0x00000000d5f00000,0x00000000d5f00000,0x00000000dc600000)
  from space 4096K, 97% used [0x00000000dea80000,0x00000000dee66370,0x00000000dee80000)
  to   space 9728K, 0% used [0x00000000ddb80000,0x00000000ddb80000,0x00000000de500000)
 ParOldGen       total 59904K, used 9418K [0x0000000081c00000, 0x0000000085680000, 0x00000000d5f00000)
  object space 59904K, 15% used [0x0000000081c00000,0x0000000082532a40,0x0000000085680000)
 Metaspace       used 23498K, capacity 24242K, committed 24576K, reserved 1071104K
  class space    used 3052K, capacity 3222K, committed 3328K, reserved 1048576K
}
Event: 3.151 GC heap before
{Heap before GC invocations=8 (full 1):
 PSYoungGen      total 109568K, used 109464K [0x00000000d5f00000, 0x00000000dee80000, 0x0000000100000000)
  eden space 105472K, 100% used [0x00000000d5f00000,0x00000000dc600000,0x00000000dc600000)
  from space 4096K, 97% used [0x00000000dea80000,0x00000000dee66370,0x00000000dee80000)
  to   space 9728K, 0% used [0x00000000ddb80000,0x00000000ddb80000,0x00000000de500000)
 ParOldGen       total 59904K, used 9418K [0x0000000081c00000, 0x0000000085680000, 0x00000000d5f00000)
  object space 59904K, 15% used [0x0000000081c00000,0x0000000082532a40,0x0000000085680000)
 Metaspace       used 27601K, capacity 28596K, committed 28800K, reserved 1075200K
  class space    used 3645K, capacity 3882K, committed 3968K, reserved 1048576K
Event: 3.162 GC heap after
Heap after GC invocations=8 (full 1):
 PSYoungGen      total 115200K, used 9706K [0x00000000d5f00000, 0x00000000dee80000, 0x0000000100000000)
  eden space 105472K, 0% used [0x00000000d5f00000,0x00000000d5f00000,0x00000000dc600000)
  from space 9728K, 99% used [0x00000000ddb80000,0x00000000de4faa60,0x00000000de500000)
  to   space 4096K, 0% used [0x00000000dea80000,0x00000000dea80000,0x00000000dee80000)
 ParOldGen       total 59904K, used 11811K [0x0000000081c00000, 0x0000000085680000, 0x00000000d5f00000)
  object space 59904K, 19% used [0x0000000081c00000,0x0000000082788cf0,0x0000000085680000)
 Metaspace       used 27601K, capacity 28596K, committed 28800K, reserved 1075200K
  class space    used 3645K, capacity 3882K, committed 3968K, reserved 1048576K
}

Deoptimization events (10 events):
Event: 3.575 Thread 0x0000000019eae000 Uncommon trap: reason=unstable_if action=reinterpret pc=0x00000000035dfb14 method=java.util.concurrent.ConcurrentHashMap.get(Ljava/lang/Object;)Ljava/lang/Object; @ 76
Event: 3.639 Thread 0x0000000019eae000 Uncommon trap: reason=unstable_if action=reinterpret pc=0x0000000003a6303c method=org.springframework.asm.Type.getArgumentsAndReturnSizes(Ljava/lang/String;)I @ 63
Event: 3.660 Thread 0x0000000019eae000 Uncommon trap: reason=unstable_if action=reinterpret pc=0x0000000003672ddc method=java.io.WinNTFileSystem.isLetter(C)Z @ 3
Event: 3.694 Thread 0x0000000019eae000 Uncommon trap: reason=bimorphic action=maybe_recompile pc=0x00000000038786bc method=java.util.stream.ReferencePipeline$2$1.accept(Ljava/lang/Object;)V @ 21
Event: 3.701 Thread 0x0000000019eae000 Uncommon trap: reason=bimorphic action=maybe_recompile pc=0x00000000038786bc method=java.util.stream.ReferencePipeline$2$1.accept(Ljava/lang/Object;)V @ 21
Event: 3.703 Thread 0x0000000019eae000 Uncommon trap: reason=bimorphic action=maybe_recompile pc=0x00000000038786bc method=java.util.stream.ReferencePipeline$2$1.accept(Ljava/lang/Object;)V @ 21
Event: 3.706 Thread 0x0000000019eae000 Uncommon trap: reason=bimorphic action=maybe_recompile pc=0x00000000038786bc method=java.util.stream.ReferencePipeline$2$1.accept(Ljava/lang/Object;)V @ 21
Event: 3.901 Thread 0x0000000019eae000 Uncommon trap: reason=null_check action=make_not_entrant pc=0x0000000003b1cf2c method=org.springframework.util.ClassUtils.isAssignable(Ljava/lang/Class;Ljava/lang/Class;)Z @ 14
Event: 4.194 Thread 0x0000000019eae000 Uncommon trap: reason=unstable_if action=reinterpret pc=0x000000000393c9c0 method=java.util.LinkedHashMap.get(Ljava/lang/Object;)Ljava/lang/Object; @ 20
Event: 4.256 Thread 0x0000000019eae000 Uncommon trap: reason=unstable_if action=reinterpret pc=0x00000000034a2d94 method=sun.misc.ASCIICaseInsensitiveComparator.compare(Ljava/lang/String;Ljava/lang/String;)I @ 83

Classes redefined (0 events):
No events

Internal exceptions (10 events):
Event: 3.933 Thread 0x0000000019eae000 Exception <a 'java/lang/ClassNotFoundException': java/lang/ObjectCustomizer> (0x00000000da8a6868) thrown at [C:\re\workspace\8-2-build-windows-amd64-cygwin\jdk8u162\10278\hotspot\src\share\vm\classfile\systemDictionary.cpp, line 210]
Event: 3.934 Thread 0x0000000019eae000 Exception <a 'java/lang/ClassNotFoundException': org/springframework/boot/autoconfigure/web/servlet/error/ErrorMvcAutoConfigurationCustomizer> (0x00000000da8ca0c0) thrown at [C:\re\workspace\8-2-build-windows-amd64-cygwin\jdk8u162\10278\hotspot\src\share\
Event: 3.935 Thread 0x0000000019eae000 Exception <a 'java/lang/ClassNotFoundException': org/springframework/boot/autoconfigure/web/servlet/error/ErrorMvcAutoConfiguration$$EnhancerBySpringCGLIB$$9d9246f6Customizer> (0x00000000da8f5b98) thrown at [C:\re\workspace\8-2-build-windows-amd64-cygwin\
Event: 3.935 Thread 0x0000000019eae000 Exception <a 'java/lang/ClassNotFoundException': org/springframework/context/annotation/ConfigurationClassEnhancer$EnhancedConfigurationCustomizer> (0x00000000da921078) thrown at [C:\re\workspace\8-2-build-windows-amd64-cygwin\jdk8u162\10278\hotspot\src\s
Event: 3.936 Thread 0x0000000019eae000 Exception <a 'java/lang/ClassNotFoundException': org/springframework/beans/factory/BeanFactoryAwareCustomizer> (0x00000000da938e60) thrown at [C:\re\workspace\8-2-build-windows-amd64-cygwin\jdk8u162\10278\hotspot\src\share\vm\classfile\systemDictionary.cp
Event: 3.936 Thread 0x0000000019eae000 Exception <a 'java/lang/ClassNotFoundException': org/springframework/beans/factory/AwareCustomizer> (0x00000000da94f0e8) thrown at [C:\re\workspace\8-2-build-windows-amd64-cygwin\jdk8u162\10278\hotspot\src\share\vm\classfile\systemDictionary.cpp, line 210
Event: 3.941 Thread 0x0000000019eae000 Exception <a 'java/lang/ClassNotFoundException': java/lang/ObjectCustomizer> (0x00000000da9ea670) thrown at [C:\re\workspace\8-2-build-windows-amd64-cygwin\jdk8u162\10278\hotspot\src\share\vm\classfile\systemDictionary.cpp, line 210]
Event: 3.941 Thread 0x0000000019eae000 Exception <a 'java/lang/ClassNotFoundException': org/springframework/boot/autoconfigure/web/servlet/error/ErrorMvcAutoConfiguration$ErrorPageCustomizerCustomizer> (0x00000000daa126f8) thrown at [C:\re\workspace\8-2-build-windows-amd64-cygwin\jdk8u162\1027
Event: 3.942 Thread 0x0000000019eae000 Exception <a 'java/lang/ClassNotFoundException': org/springframework/boot/web/server/ErrorPageRegistrarCustomizer> (0x00000000daa2eea0) thrown at [C:\re\workspace\8-2-build-windows-amd64-cygwin\jdk8u162\10278\hotspot\src\share\vm\classfile\systemDictionar
Event: 3.942 Thread 0x0000000019eae000 Exception <a 'java/lang/ClassNotFoundException': org/springframework/core/OrderedCustomizer> (0x00000000daa41b90) thrown at [C:\re\workspace\8-2-build-windows-amd64-cygwin\jdk8u162\10278\hotspot\src\share\vm\classfile\systemDictionary.cpp, line 210]

Events (10 events):
Event: 4.272 loading class sun/nio/cs/ext/IBM1047 done
Event: 4.272 loading class sun/nio/cs/ext/IBM273
Event: 4.273 loading class sun/nio/cs/ext/IBM273 done
Event: 4.273 loading class sun/nio/cs/ext/IBM277
Event: 4.273 loading class sun/nio/cs/ext/IBM277 done
Event: 4.273 loading class sun/nio/cs/ext/IBM278
Event: 4.273 loading class sun/nio/cs/ext/IBM278 done
Event: 4.273 loading class sun/nio/cs/ext/IBM280
Event: 4.273 loading class sun/nio/cs/ext/IBM280 done
Event: 4.273 loading class sun/nio/cs/ext/IBM284


Dynamic libraries:
0x00007ff694ec0000 - 0x00007ff694ef7000 	C:\Program Files\Java\jre1.8.0_162\bin\javaw.exe
0x00007ffb422d0000 - 0x00007ffb424b1000 	C:\WINDOWS\SYSTEM32\ntdll.dll
0x00007ffb0bd90000 - 0x00007ffb0bda2000 	C:\Program Files\AVAST Software\Avast\aswhook.dll
0x00007ffb41e80000 - 0x00007ffb41f32000 	C:\WINDOWS\System32\KERNEL32.DLL
0x00007ffb3e7a0000 - 0x00007ffb3ea13000 	C:\WINDOWS\System32\KERNELBASE.dll
0x00007ffb410b0000 - 0x00007ffb41151000 	C:\WINDOWS\System32\ADVAPI32.dll
0x00007ffb420d0000 - 0x00007ffb4216e000 	C:\WINDOWS\System32\msvcrt.dll
0x00007ffb41f40000 - 0x00007ffb41f9b000 	C:\WINDOWS\System32\sechost.dll
0x00007ffb41fa0000 - 0x00007ffb420c4000 	C:\WINDOWS\System32\RPCRT4.dll
0x00007ffb416f0000 - 0x00007ffb41880000 	C:\WINDOWS\System32\USER32.dll
0x00007ffb3e6a0000 - 0x00007ffb3e6c0000 	C:\WINDOWS\System32\win32u.dll
0x00007ffb3fb30000 - 0x00007ffb3fb58000 	C:\WINDOWS\System32\GDI32.dll
0x00007ffb3f280000 - 0x00007ffb3f412000 	C:\WINDOWS\System32\gdi32full.dll
0x00007ffb3f6c0000 - 0x00007ffb3f75f000 	C:\WINDOWS\System32\msvcp_win.dll
0x00007ffb3f180000 - 0x00007ffb3f27a000 	C:\WINDOWS\System32\ucrtbase.dll
0x00007ffb32a50000 - 0x00007ffb32cb9000 	C:\WINDOWS\WinSxS\amd64_microsoft.windows.common-controls_6595b64144ccf1df_6.0.17134.590_none_fb3d9bff3069e088\COMCTL32.dll
0x00007ffb41310000 - 0x00007ffb41632000 	C:\WINDOWS\System32\combase.dll
0x00007ffb3e720000 - 0x00007ffb3e79a000 	C:\WINDOWS\System32\bcryptPrimitives.dll
0x00007ffb41160000 - 0x00007ffb4118d000 	C:\WINDOWS\System32\IMM32.DLL
0x0000000058500000 - 0x00000000585d1000 	C:\Program Files\Java\jre1.8.0_162\bin\msvcr100.dll
0x0000000058e80000 - 0x0000000059720000 	C:\Program Files\Java\jre1.8.0_162\bin\server\jvm.dll
0x00007ffb3fa70000 - 0x00007ffb3fa78000 	C:\WINDOWS\System32\PSAPI.DLL
0x00007ffb32040000 - 0x00007ffb32049000 	C:\WINDOWS\SYSTEM32\WSOCK32.dll
0x00007ffb3f840000 - 0x00007ffb3f8ac000 	C:\WINDOWS\System32\WS2_32.dll
0x00007ffb3a5c0000 - 0x00007ffb3a5e3000 	C:\WINDOWS\SYSTEM32\WINMM.dll
0x00007ffb39880000 - 0x00007ffb3988a000 	C:\WINDOWS\SYSTEM32\VERSION.dll
0x00007ffb3a550000 - 0x00007ffb3a57a000 	C:\WINDOWS\SYSTEM32\WINMMBASE.dll
0x00007ffb3f130000 - 0x00007ffb3f179000 	C:\WINDOWS\System32\cfgmgr32.dll
0x0000000058d90000 - 0x0000000058d9f000 	C:\Program Files\Java\jre1.8.0_162\bin\verify.dll
0x0000000058d60000 - 0x0000000058d89000 	C:\Program Files\Java\jre1.8.0_162\bin\java.dll
0x0000000058d40000 - 0x0000000058d56000 	C:\Program Files\Java\jre1.8.0_162\bin\zip.dll
0x00007ffb3fc70000 - 0x00007ffb410b0000 	C:\WINDOWS\System32\SHELL32.dll
0x00007ffb41640000 - 0x00007ffb416e9000 	C:\WINDOWS\System32\shcore.dll
0x00007ffb3ea20000 - 0x00007ffb3f12d000 	C:\WINDOWS\System32\windows.storage.dll
0x00007ffb3f760000 - 0x00007ffb3f7b1000 	C:\WINDOWS\System32\shlwapi.dll
0x00007ffb3e680000 - 0x00007ffb3e691000 	C:\WINDOWS\System32\kernel.appcore.dll
0x00007ffb3e640000 - 0x00007ffb3e65f000 	C:\WINDOWS\System32\profapi.dll
0x00007ffb3e5f0000 - 0x00007ffb3e63c000 	C:\WINDOWS\System32\powrprof.dll
0x00007ffb3e5e0000 - 0x00007ffb3e5ea000 	C:\WINDOWS\System32\FLTLIB.DLL
0x00000000585e0000 - 0x00000000585ed000 	C:\Program Files\Java\jre1.8.0_162\bin\management.dll
0x0000000058d20000 - 0x0000000058d3a000 	C:\Program Files\Java\jre1.8.0_162\bin\net.dll
0x00007ffb3de60000 - 0x00007ffb3dec6000 	C:\WINDOWS\system32\mswsock.dll
0x00007ffb0bd70000 - 0x00007ffb0bd86000 	C:\WINDOWS\system32\napinsp.dll
0x00007ffb1d140000 - 0x00007ffb1d15a000 	C:\WINDOWS\system32\pnrpnsp.dll
0x00007ffb3b750000 - 0x00007ffb3b769000 	C:\WINDOWS\system32\NLAapi.dll
0x00007ffb3dc30000 - 0x00007ffb3dcee000 	C:\WINDOWS\SYSTEM32\DNSAPI.dll
0x00007ffb41cd0000 - 0x00007ffb41cd8000 	C:\WINDOWS\System32\NSI.dll
0x00007ffb3dbe0000 - 0x00007ffb3dc18000 	C:\WINDOWS\SYSTEM32\IPHLPAPI.DLL
0x00007ffb269f0000 - 0x00007ffb269fe000 	C:\WINDOWS\System32\winrnr.dll
0x00007ffb15f90000 - 0x00007ffb15fa5000 	C:\WINDOWS\System32\wshbth.dll
0x00007ffb33380000 - 0x00007ffb3338a000 	C:\Windows\System32\rasadhlp.dll
0x00007ffb33450000 - 0x00007ffb334c2000 	C:\WINDOWS\System32\fwpuclnt.dll
0x00007ffb3e140000 - 0x00007ffb3e165000 	C:\WINDOWS\SYSTEM32\bcrypt.dll
0x0000000058620000 - 0x0000000058631000 	C:\Program Files\Java\jre1.8.0_162\bin\nio.dll
0x00007ffb3e010000 - 0x00007ffb3e027000 	C:\WINDOWS\SYSTEM32\CRYPTSP.dll
0x00007ffb3da40000 - 0x00007ffb3da73000 	C:\WINDOWS\system32\rsaenh.dll
0x00007ffb3e4e0000 - 0x00007ffb3e508000 	C:\WINDOWS\SYSTEM32\USERENV.dll
0x00007ffb3e030000 - 0x00007ffb3e03b000 	C:\WINDOWS\SYSTEM32\CRYPTBASE.dll
0x00007ffb34eb0000 - 0x00007ffb34ec6000 	C:\WINDOWS\SYSTEM32\dhcpcsvc6.DLL
0x00007ffb34a80000 - 0x00007ffb34a9a000 	C:\WINDOWS\SYSTEM32\dhcpcsvc.DLL

VM Arguments:
jvm_args: -Dfile.encoding=UTF-8 
java_command: c24.Bookstore.BookstoreApplication
java_class_path (initial): C:\Users\Valtteri\Palvelinohjelmointi projekti\Bookstore\Bookstore\target\classes;C:\Users\Valtteri\.m2\repository\org\thymeleaf\extras\thymeleaf-extras-springsecurity5\3.0.4.RELEASE\thymeleaf-extras-springsecurity5-3.0.4.RELEASE.jar;C:\Users\Valtteri\.m2\repository\org\slf4j\slf4j-api\1.7.25\slf4j-api-1.7.25.jar;C:\Users\Valtteri\.m2\repository\org\springframework\boot\spring-boot-starter-security\2.1.2.RELEASE\spring-boot-starter-security-2.1.2.RELEASE.jar;C:\Users\Valtteri\.m2\repository\org\springframework\boot\spring-boot-starter\2.1.2.RELEASE\spring-boot-starter-2.1.2.RELEASE.jar;C:\Users\Valtteri\.m2\repository\org\springframework\boot\spring-boot-starter-logging\2.1.2.RELEASE\spring-boot-starter-logging-2.1.2.RELEASE.jar;C:\Users\Valtteri\.m2\repository\ch\qos\logback\logback-classic\1.2.3\logback-classic-1.2.3.jar;C:\Users\Valtteri\.m2\repository\ch\qos\logback\logback-core\1.2.3\logback-core-1.2.3.jar;C:\Users\Valtteri\.m2\repository\org\apache\logging\log4j\log4j-to-slf4j\2.11.1\log4j-to-slf4j-2.11.1.jar;C:\Users\Valtteri\.m2\repository\org\apache\logging\log4j\log4j-api\2.11.1\log4j-api-2.11.1.jar;C:\Users\Valtteri\.m2\repository\org\slf4j\jul-to-slf4j\1.7.25\jul-to-slf4j-1.7.25.jar;C:\Users\Valtteri\.m2\repository\javax\annotation\javax.annotation-api\1.3.2\javax.annotation-api-1.3.2.jar;C:\Users\Valtteri\.m2\repository\org\yaml\snakeyaml\1.23\snakeyaml-1.23.jar;C:\Users\Valtteri\.m2\repository\org\springframework\spring-aop\5.1.4.RELEASE\spring-aop-5.1.4.RELEASE.jar;C:\Users\Valtteri\.m2\repository\org\springframework\spring-beans\5.1.4.RELEASE\spring-beans-5.1.4.RELEASE.jar;C:\Users\Valtteri\.m2\repository\org\springframework\security\spring-security-config\5.1.3.RELEASE\spring-security-config-5.1.3.RELEASE.jar;C:\Users\Valtteri\.m2\repository\org\springframework\security\spring-security-core\5.1.3.RELEASE\spring-security-core-5.1.3.RELEASE.jar;C:\Users\Valtteri\.m2\repository\org\springframework\spring-context\5.1.4.RELEA
Launcher Type: SUN_STANDARD

Environment Variables:
PATH=C:/Program Files/Java/jre1.8.0_162/bin/server;C:/Program Files/Java/jre1.8.0_162/bin;C:/Program Files/Java/jre1.8.0_162/lib/amd64;C:\ProgramData\Oracle\Java\javapath;C:\Program Files (x86)\Intel\iCLS Client\;C:\Program Files\Intel\iCLS Client\;C:\Windows\system32;C:\Windows;C:\Windows\System32\Wbem;C:\Windows\System32\WindowsPowerShell\v1.0\;C:\Program Files\Intel\WiFi\bin\;C:\Program Files\Common Files\Intel\WirelessCommon\;C:\Program Files (x86)\NVIDIA Corporation\PhysX\Common;C:\Program Files (x86)\Intel\Intel(R) Management Engine Components\DAL;C:\Program Files\Intel\Intel(R) Management Engine Components\DAL;C:\Program Files (x86)\Intel\Intel(R) Management Engine Components\IPT;C:\Program Files\Intel\Intel(R) Management Engine Components\IPT;C:\Program Files (x86)\Brackets\command;C:\WINDOWS\system32;C:\WINDOWS;C:\WINDOWS\System32\Wbem;C:\WINDOWS\System32\WindowsPowerShell\v1.0\;C:\WINDOWS\System32\OpenSSH\;C:\Users\Valtteri\Desktop\opencv\build\x64\vc15\bin;C:\Users\Valtteri\Desktop\opencv\build\x64\vc15\bin;C:\Strawberry\c\bin;C:\Strawberry\perl\site\bin;C:\Strawberry\perl\bin;C:\Program Files (x86)\Microsoft SQL Server\Client SDK\ODBC\130\Tools\Binn\;C:\Program Files (x86)\Microsoft SQL Server\140\Tools\Binn\;C:\Program Files (x86)\Microsoft SQL Server\140\DTS\Binn\;C:\Program Files (x86)\Microsoft SQL Server\140\Tools\Binn\ManagementStudio\;C:\Program Files\Git\cmd;C:\Program Files\PuTTY\;C:\Program Files\nodejs\;C:\Users\Valtteri\AppData\Local\Programs\Python\Python37\Scripts\;C:\Users\Valtteri\AppData\Local\Programs\Python\Python37\;C:\Users\Valtteri\AppData\Local\Microsoft\WindowsApps;C:\Users\Valtteri\AppData\Roaming\npm;C:\Users\Valtteri\Desktop;
USERNAME=Valtteri
OS=Windows_NT
PROCESSOR_IDENTIFIER=Intel64 Family 6 Model 158 Stepping 9, GenuineIntel



---------------  S Y S T E M  ---------------

OS: Windows 10.0 , 64 bit Build 17134 (10.0.17134.556)

CPU:total 4 (initial active 4) (4 cores per cpu, 1 threads per core) family 6 model 158 stepping 9, cmov, cx8, fxsr, mmx, sse, sse2, sse3, ssse3, sse4.1, sse4.2, popcnt, avx, avx2, aes, clmul, erms, 3dnowpref, lzcnt, tsc, tscinvbit, bmi1, bmi2, adx

Memory: 4k page, physical 8270868k(3196112k free), swap 23762320k(3120k free)

vm_info: Java HotSpot(TM) 64-Bit Server VM (25.162-b12) for windows-amd64 JRE (1.8.0_162-b12), built on Dec 19 2017 20:00:03 by "java_re" with MS VC++ 10.0 (VS2010)

time: Mon Mar 11 23:21:47 2019
elapsed time: 4 seconds (0d 0h 0m 4s)

